<?xml version="1.0" encoding="UTF-8"?>
<testsuite xmlns:xsi="http://www.w3.org/2001/XMLSchema-instance" xsi:noNamespaceSchemaLocation="https://maven.apache.org/surefire/maven-surefire-plugin/xsd/surefire-test-report-3.0.xsd" version="3.0" name="TestSuite" time="339.945" tests="3" errors="0" skipped="0" failures="3">
  <properties>
[...]
</properties>
  <testcase name="runScenario[&quot;Successful login&quot;, &quot;Login functionality&quot;](3)" classname="com.automation.runners.TestRunner" time="330.342">
    <failure message="Failed to initialize WebDriver" type="java.lang.RuntimeException"><![CDATA[java.lang.RuntimeException: Failed to initialize WebDriver
	at com.automation.core.DriverManager.initDriver(DriverManager.java:33)
	at com.automation.hooks.Hooks.setUp(Hooks.java:13)
Caused by: org.openqa.selenium.remote.NoSuchDriverException: Unable to obtain: chromedriver, error Command failed with code: 65, executed: [--browser, chrome, --language-binding, java, --output, json]
error decoding response body
Build info: version: '4.21.0', revision: '79ed462ef4'
System info: os.name: 'Linux', os.arch: 'amd64', os.version: '6.6.87.2-microsoft-standard-WSL2', java.version: '17.0.15'
Driver info: driver.version: ChromeDriver
	at org.openqa.selenium.remote.service.DriverFinder.getBinaryPaths(DriverFinder.java:121)
	at org.openqa.selenium.remote.service.DriverFinder.getDriverPath(DriverFinder.java:55)
	at org.openqa.selenium.chrome.ChromeDriver.generateExecutor(ChromeDriver.java:99)
	at org.openqa.selenium.chrome.ChromeDriver.<init>(ChromeDriver.java:88)
	at org.openqa.selenium.chrome.ChromeDriver.<init>(ChromeDriver.java:83)
	at org.openqa.selenium.chrome.ChromeDriver.<init>(ChromeDriver.java:51)
	at com.automation.core.DriverManager.initDriver(DriverManager.java:28)
	at com.automation.hooks.Hooks.setUp(Hooks.java:13)
	at java.base/jdk.internal.reflect.NativeMethodAccessorImpl.invoke0(Native Method)
	at java.base/jdk.internal.reflect.NativeMethodAccessorImpl.invoke(NativeMethodAccessorImpl.java:77)
	at java.base/jdk.internal.reflect.DelegatingMethodAccessorImpl.invoke(DelegatingMethodAccessorImpl.java:43)
	at java.base/java.lang.reflect.Method.invoke(Method.java:569)
	at io.cucumber.java.Invoker.doInvoke(Invoker.java:66)
	at io.cucumber.java.Invoker.invoke(Invoker.java:24)
	at io.cucumber.java.AbstractGlueDefinition.invokeMethod(AbstractGlueDefinition.java:47)
	at io.cucumber.java.JavaHookDefinition.execute(JavaHookDefinition.java:64)
	at io.cucumber.core.runner.CoreHookDefinition.execute(CoreHookDefinition.java:46)
	at io.cucumber.core.runner.HookDefinitionMatch.runStep(HookDefinitionMatch.java:21)
	at io.cucumber.core.runner.ExecutionMode$1.execute(ExecutionMode.java:10)
	at io.cucumber.core.runner.TestStep.executeStep(TestStep.java:84)
	at io.cucumber.core.runner.TestStep.run(TestStep.java:56)
	at io.cucumber.core.runner.TestCase.run(TestCase.java:78)
	at io.cucumber.core.runner.Runner.runPickle(Runner.java:75)
	at io.cucumber.testng.TestNGCucumberRunner.lambda$runScenario$1(TestNGCucumberRunner.java:132)
	at io.cucumber.core.runtime.CucumberExecutionContext.lambda$runTestCase$5(CucumberExecutionContext.java:137)
	at io.cucumber.core.runtime.RethrowingThrowableCollector.executeAndThrow(RethrowingThrowableCollector.java:23)
	at io.cucumber.core.runtime.CucumberExecutionContext.runTestCase(CucumberExecutionContext.java:137)
	at io.cucumber.testng.TestNGCucumberRunner.runScenario(TestNGCucumberRunner.java:129)
	at io.cucumber.testng.AbstractTestNGCucumberTests.runScenario(AbstractTestNGCucumberTests.java:35)
	at java.base/jdk.internal.reflect.NativeMethodAccessorImpl.invoke0(Native Method)
	at java.base/jdk.internal.reflect.NativeMethodAccessorImpl.invoke(NativeMethodAccessorImpl.java:77)
	at java.base/jdk.internal.reflect.DelegatingMethodAccessorImpl.invoke(DelegatingMethodAccessorImpl.java:43)
	at java.base/java.lang.reflect.Method.invoke(Method.java:569)
	at org.testng.internal.invokers.MethodInvocationHelper.invokeMethod(MethodInvocationHelper.java:139)
	at org.testng.internal.invokers.TestInvoker.invokeMethod(TestInvoker.java:664)
	at org.testng.internal.invokers.TestInvoker.invokeTestMethod(TestInvoker.java:228)
	at org.testng.internal.invokers.TestMethodWithDataProviderMethodWorker.call(TestMethodWithDataProviderMethodWorker.java:80)
	at java.base/java.util.concurrent.CompletableFuture$AsyncSupply.run(CompletableFuture.java:1768)
	at java.base/java.util.concurrent.ThreadPoolExecutor.runWorker(ThreadPoolExecutor.java:1136)
	at java.base/java.util.concurrent.ThreadPoolExecutor$Worker.run(ThreadPoolExecutor.java:635)
	at java.base/java.lang.Thread.run(Thread.java:840)
Caused by: org.openqa.selenium.WebDriverException: Command failed with code: 65, executed: [--browser, chrome, --language-binding, java, --output, json]
error decoding response body
Build info: version: '4.21.0', revision: '79ed462ef4'
System info: os.name: 'Linux', os.arch: 'amd64', os.version: '6.6.87.2-microsoft-standard-WSL2', java.version: '17.0.15'
Driver info: driver.version: ChromeDriver
	at org.openqa.selenium.manager.SeleniumManager.runCommand(SeleniumManager.java:169)
	at org.openqa.selenium.manager.SeleniumManager.getBinaryPaths(SeleniumManager.java:244)
	at org.openqa.selenium.remote.service.DriverFinder.getBinaryPaths(DriverFinder.java:102)
	... 40 more
]]></failure>
    <system-out><![CDATA[
Scenario: Successful login               # src/test/resources/features/login.feature:3

Scenario: Successful login               # src/test/resources/features/login.feature:13

Scenario: Successful login               # src/test/resources/features/login.feature:8
Initializing Driver...
Initializing Driver...
Initializing Driver...
      java.lang.RuntimeException: Failed to initialize WebDriver
	at com.automation.core.DriverManager.initDriver(DriverManager.java:33)
	at com.automation.hooks.Hooks.setUp(Hooks.java:13)
Caused by: org.openqa.selenium.remote.NoSuchDriverException: Unable to obtain: chromedriver, error Command failed with code: 65, executed: [--browser, chrome, --language-binding, java, --output, json]
error decoding response body
Build info: version: '4.21.0', revision: '79ed462ef4'
System info: os.name: 'Linux', os.arch: 'amd64', os.version: '6.6.87.2-microsoft-standard-WSL2', java.version: '17.0.15'
Driver info: driver.version: ChromeDriver
	at org.openqa.selenium.remote.service.DriverFinder.getBinaryPaths(DriverFinder.java:121)
	at org.openqa.selenium.remote.service.DriverFinder.getDriverPath(DriverFinder.java:55)
	at org.openqa.selenium.chrome.ChromeDriver.generateExecutor(ChromeDriver.java:99)
	at org.openqa.selenium.chrome.ChromeDriver.<init>(ChromeDriver.java:88)
	at org.openqa.selenium.chrome.ChromeDriver.<init>(ChromeDriver.java:83)
	at org.openqa.selenium.chrome.ChromeDriver.<init>(ChromeDriver.java:51)
	at com.automation.core.DriverManager.initDriver(DriverManager.java:28)
	at com.automation.hooks.Hooks.setUp(Hooks.java:13)
	at java.base/jdk.internal.reflect.NativeMethodAccessorImpl.invoke0(Native Method)
	at java.base/jdk.internal.reflect.NativeMethodAccessorImpl.invoke(NativeMethodAccessorImpl.java:77)
	at java.base/jdk.internal.reflect.DelegatingMethodAccessorImpl.invoke(DelegatingMethodAccessorImpl.java:43)
	at java.base/java.lang.reflect.Method.invoke(Method.java:569)
	at io.cucumber.java.Invoker.doInvoke(Invoker.java:66)
	at io.cucumber.java.Invoker.invoke(Invoker.java:24)
	at io.cucumber.java.AbstractGlueDefinition.invokeMethod(AbstractGlueDefinition.java:47)
	at io.cucumber.java.JavaHookDefinition.execute(JavaHookDefinition.java:64)
	at io.cucumber.core.runner.CoreHookDefinition.execute(CoreHookDefinition.java:46)
	at io.cucumber.core.runner.HookDefinitionMatch.runStep(HookDefinitionMatch.java:21)
	at io.cucumber.core.runner.ExecutionMode$1.execute(ExecutionMode.java:10)
	at io.cucumber.core.runner.TestStep.executeStep(TestStep.java:84)
	at io.cucumber.core.runner.TestStep.run(TestStep.java:56)
	at io.cucumber.core.runner.TestCase.run(TestCase.java:78)
	at io.cucumber.core.runner.Runner.runPickle(Runner.java:75)
	at io.cucumber.testng.TestNGCucumberRunner.lambda$runScenario$1(TestNGCucumberRunner.java:132)
	at io.cucumber.core.runtime.CucumberExecutionContext.lambda$runTestCase$5(CucumberExecutionContext.java:137)
	at io.cucumber.core.runtime.RethrowingThrowableCollector.executeAndThrow(RethrowingThrowableCollector.java:23)
	at io.cucumber.core.runtime.CucumberExecutionContext.runTestCase(CucumberExecutionContext.java:137)
	at io.cucumber.testng.TestNGCucumberRunner.runScenario(TestNGCucumberRunner.java:129)
	at io.cucumber.testng.AbstractTestNGCucumberTests.runScenario(AbstractTestNGCucumberTests.java:35)
	at java.base/jdk.internal.reflect.NativeMethodAccessorImpl.invoke0(Native Method)
	at java.base/jdk.internal.reflect.NativeMethodAccessorImpl.invoke(NativeMethodAccessorImpl.java:77)
	at java.base/jdk.internal.reflect.DelegatingMethodAccessorImpl.invoke(DelegatingMethodAccessorImpl.java:43)
	at java.base/java.lang.reflect.Method.invoke(Method.java:569)
	at org.testng.internal.invokers.MethodInvocationHelper.invokeMethod(MethodInvocationHelper.java:139)
	at org.testng.internal.invokers.TestInvoker.invokeMethod(TestInvoker.java:664)
	at org.testng.internal.invokers.TestInvoker.invokeTestMethod(TestInvoker.java:228)
	at org.testng.internal.invokers.TestMethodWithDataProviderMethodWorker.call(TestMethodWithDataProviderMethodWorker.java:80)
	at java.base/java.util.concurrent.CompletableFuture$AsyncSupply.run(CompletableFuture.java:1768)
	at java.base/java.util.concurrent.ThreadPoolExecutor.runWorker(ThreadPoolExecutor.java:1136)
	at java.base/java.util.concurrent.ThreadPoolExecutor$Worker.run(ThreadPoolExecutor.java:635)
	at java.base/java.lang.Thread.run(Thread.java:840)
Caused by: org.openqa.selenium.WebDriverException: Command failed with code: 65, executed: [--browser, chrome, --language-binding, java, --output, json]
error decoding response body
Build info: version: '4.21.0', revision: '79ed462ef4'
System info: os.name: 'Linux', os.arch: 'amd64', os.version: '6.6.87.2-microsoft-standard-WSL2', java.version: '17.0.15'
Driver info: driver.version: ChromeDriver
	at org.openqa.selenium.manager.SeleniumManager.runCommand(SeleniumManager.java:169)
	at org.openqa.selenium.manager.SeleniumManager.getBinaryPaths(SeleniumManager.java:244)
	at org.openqa.selenium.remote.service.DriverFinder.getBinaryPaths(DriverFinder.java:102)
	... 40 more

      java.lang.RuntimeException: Failed to initialize WebDriver
	at com.automation.core.DriverManager.initDriver(DriverManager.java:33)
	at com.automation.hooks.Hooks.setUp(Hooks.java:13)
Caused by: org.openqa.selenium.remote.NoSuchDriverException: Unable to obtain: chromedriver, error Command failed with code: 65, executed: [--browser, chrome, --language-binding, java, --output, json]
error decoding response body
Build info: version: '4.21.0', revision: '79ed462ef4'
System info: os.name: 'Linux', os.arch: 'amd64', os.version: '6.6.87.2-microsoft-standard-WSL2', java.version: '17.0.15'
Driver info: driver.version: ChromeDriver
	at org.openqa.selenium.remote.service.DriverFinder.getBinaryPaths(DriverFinder.java:121)
	at org.openqa.selenium.remote.service.DriverFinder.getDriverPath(DriverFinder.java:55)
	at org.openqa.selenium.chrome.ChromeDriver.generateExecutor(ChromeDriver.java:99)
	at org.openqa.selenium.chrome.ChromeDriver.<init>(ChromeDriver.java:88)
	at org.openqa.selenium.chrome.ChromeDriver.<init>(ChromeDriver.java:83)
	at org.openqa.selenium.chrome.ChromeDriver.<init>(ChromeDriver.java:51)
	at com.automation.core.DriverManager.initDriver(DriverManager.java:28)
	at com.automation.hooks.Hooks.setUp(Hooks.java:13)
	at java.base/jdk.internal.reflect.NativeMethodAccessorImpl.invoke0(Native Method)
	at java.base/jdk.internal.reflect.NativeMethodAccessorImpl.invoke(NativeMethodAccessorImpl.java:77)
	at java.base/jdk.internal.reflect.DelegatingMethodAccessorImpl.invoke(DelegatingMethodAccessorImpl.java:43)
	at java.base/java.lang.reflect.Method.invoke(Method.java:569)
	at io.cucumber.java.Invoker.doInvoke(Invoker.java:66)
	at io.cucumber.java.Invoker.invoke(Invoker.java:24)
	at io.cucumber.java.AbstractGlueDefinition.invokeMethod(AbstractGlueDefinition.java:47)
	at io.cucumber.java.JavaHookDefinition.execute(JavaHookDefinition.java:64)
	at io.cucumber.core.runner.CoreHookDefinition.execute(CoreHookDefinition.java:46)
	at io.cucumber.core.runner.HookDefinitionMatch.runStep(HookDefinitionMatch.java:21)
	at io.cucumber.core.runner.ExecutionMode$1.execute(ExecutionMode.java:10)
	at io.cucumber.core.runner.TestStep.executeStep(TestStep.java:84)
	at io.cucumber.core.runner.TestStep.run(TestStep.java:56)
	at io.cucumber.core.runner.TestCase.run(TestCase.java:78)
	at io.cucumber.core.runner.Runner.runPickle(Runner.java:75)
	at io.cucumber.testng.TestNGCucumberRunner.lambda$runScenario$1(TestNGCucumberRunner.java:132)
	at io.cucumber.core.runtime.CucumberExecutionContext.lambda$runTestCase$5(CucumberExecutionContext.java:137)
	at io.cucumber.core.runtime.RethrowingThrowableCollector.executeAndThrow(RethrowingThrowableCollector.java:23)
	at io.cucumber.core.runtime.CucumberExecutionContext.runTestCase(CucumberExecutionContext.java:137)
	at io.cucumber.testng.TestNGCucumberRunner.runScenario(TestNGCucumberRunner.java:129)
	at io.cucumber.testng.AbstractTestNGCucumberTests.runScenario(AbstractTestNGCucumberTests.java:35)
	at java.base/jdk.internal.reflect.NativeMethodAccessorImpl.invoke0(Native Method)
	at java.base/jdk.internal.reflect.NativeMethodAccessorImpl.invoke(NativeMethodAccessorImpl.java:77)
	at java.base/jdk.internal.reflect.DelegatingMethodAccessorImpl.invoke(DelegatingMethodAccessorImpl.java:43)
	at java.base/java.lang.reflect.Method.invoke(Method.java:569)
	at org.testng.internal.invokers.MethodInvocationHelper.invokeMethod(MethodInvocationHelper.java:139)
	at org.testng.internal.invokers.TestInvoker.invokeMethod(TestInvoker.java:664)
	at org.testng.internal.invokers.TestInvoker.invokeTestMethod(TestInvoker.java:228)
	at org.testng.internal.invokers.TestMethodWithDataProviderMethodWorker.call(TestMethodWithDataProviderMethodWorker.java:80)
	at java.base/java.util.concurrent.CompletableFuture$AsyncSupply.run(CompletableFuture.java:1768)
	at java.base/java.util.concurrent.ThreadPoolExecutor.runWorker(ThreadPoolExecutor.java:1136)
	at java.base/java.util.concurrent.ThreadPoolExecutor$Worker.run(ThreadPoolExecutor.java:635)
	at java.base/java.lang.Thread.run(Thread.java:840)
Caused by: org.openqa.selenium.WebDriverException: Command failed with code: 65, executed: [--browser, chrome, --language-binding, java, --output, json]
error decoding response body
Build info: version: '4.21.0', revision: '79ed462ef4'
System info: os.name: 'Linux', os.arch: 'amd64', os.version: '6.6.87.2-microsoft-standard-WSL2', java.version: '17.0.15'
Driver info: driver.version: ChromeDriver
	at org.openqa.selenium.manager.SeleniumManager.runCommand(SeleniumManager.java:169)
	at org.openqa.selenium.manager.SeleniumManager.getBinaryPaths(SeleniumManager.java:244)
	at org.openqa.selenium.remote.service.DriverFinder.getBinaryPaths(DriverFinder.java:102)
	... 40 more

      java.lang.RuntimeException: Failed to initialize WebDriver
	at com.automation.core.DriverManager.initDriver(DriverManager.java:33)
	at com.automation.hooks.Hooks.setUp(Hooks.java:13)
Caused by: org.openqa.selenium.remote.NoSuchDriverException: Unable to obtain: chromedriver, error Command failed with code: 65, executed: [--browser, chrome, --language-binding, java, --output, json]
error decoding response body
Build info: version: '4.21.0', revision: '79ed462ef4'
System info: os.name: 'Linux', os.arch: 'amd64', os.version: '6.6.87.2-microsoft-standard-WSL2', java.version: '17.0.15'
Driver info: driver.version: ChromeDriver
	at org.openqa.selenium.remote.service.DriverFinder.getBinaryPaths(DriverFinder.java:121)
	at org.openqa.selenium.remote.service.DriverFinder.getDriverPath(DriverFinder.java:55)
	at org.openqa.selenium.chrome.ChromeDriver.generateExecutor(ChromeDriver.java:99)
	at org.openqa.selenium.chrome.ChromeDriver.<init>(ChromeDriver.java:88)
	at org.openqa.selenium.chrome.ChromeDriver.<init>(ChromeDriver.java:83)
	at org.openqa.selenium.chrome.ChromeDriver.<init>(ChromeDriver.java:51)
	at com.automation.core.DriverManager.initDriver(DriverManager.java:28)
	at com.automation.hooks.Hooks.setUp(Hooks.java:13)
	at java.base/jdk.internal.reflect.NativeMethodAccessorImpl.invoke0(Native Method)
	at java.base/jdk.internal.reflect.NativeMethodAccessorImpl.invoke(NativeMethodAccessorImpl.java:77)
	at java.base/jdk.internal.reflect.DelegatingMethodAccessorImpl.invoke(DelegatingMethodAccessorImpl.java:43)
	at java.base/java.lang.reflect.Method.invoke(Method.java:569)
	at io.cucumber.java.Invoker.doInvoke(Invoker.java:66)
	at io.cucumber.java.Invoker.invoke(Invoker.java:24)
	at io.cucumber.java.AbstractGlueDefinition.invokeMethod(AbstractGlueDefinition.java:47)
	at io.cucumber.java.JavaHookDefinition.execute(JavaHookDefinition.java:64)
	at io.cucumber.core.runner.CoreHookDefinition.execute(CoreHookDefinition.java:46)
	at io.cucumber.core.runner.HookDefinitionMatch.runStep(HookDefinitionMatch.java:21)
	at io.cucumber.core.runner.ExecutionMode$1.execute(ExecutionMode.java:10)
	at io.cucumber.core.runner.TestStep.executeStep(TestStep.java:84)
	at io.cucumber.core.runner.TestStep.run(TestStep.java:56)
	at io.cucumber.core.runner.TestCase.run(TestCase.java:78)
	at io.cucumber.core.runner.Runner.runPickle(Runner.java:75)
	at io.cucumber.testng.TestNGCucumberRunner.lambda$runScenario$1(TestNGCucumberRunner.java:132)
	at io.cucumber.core.runtime.CucumberExecutionContext.lambda$runTestCase$5(CucumberExecutionContext.java:137)
	at io.cucumber.core.runtime.RethrowingThrowableCollector.executeAndThrow(RethrowingThrowableCollector.java:23)
	at io.cucumber.core.runtime.CucumberExecutionContext.runTestCase(CucumberExecutionContext.java:137)
	at io.cucumber.testng.TestNGCucumberRunner.runScenario(TestNGCucumberRunner.java:129)
	at io.cucumber.testng.AbstractTestNGCucumberTests.runScenario(AbstractTestNGCucumberTests.java:35)
	at java.base/jdk.internal.reflect.NativeMethodAccessorImpl.invoke0(Native Method)
	at java.base/jdk.internal.reflect.NativeMethodAccessorImpl.invoke(NativeMethodAccessorImpl.java:77)
	at java.base/jdk.internal.reflect.DelegatingMethodAccessorImpl.invoke(DelegatingMethodAccessorImpl.java:43)
	at java.base/java.lang.reflect.Method.invoke(Method.java:569)
	at org.testng.internal.invokers.MethodInvocationHelper.invokeMethod(MethodInvocationHelper.java:139)
	at org.testng.internal.invokers.TestInvoker.invokeMethod(TestInvoker.java:664)
	at org.testng.internal.invokers.TestInvoker.invokeTestMethod(TestInvoker.java:228)
	at org.testng.internal.invokers.TestMethodWithDataProviderMethodWorker.call(TestMethodWithDataProviderMethodWorker.java:80)
	at java.base/java.util.concurrent.CompletableFuture$AsyncSupply.run(CompletableFuture.java:1768)
	at java.base/java.util.concurrent.ThreadPoolExecutor.runWorker(ThreadPoolExecutor.java:1136)
	at java.base/java.util.concurrent.ThreadPoolExecutor$Worker.run(ThreadPoolExecutor.java:635)
	at java.base/java.lang.Thread.run(Thread.java:840)
Caused by: org.openqa.selenium.WebDriverException: Command failed with code: 65, executed: [--browser, chrome, --language-binding, java, --output, json]
error decoding response body
Build info: version: '4.21.0', revision: '79ed462ef4'
System info: os.name: 'Linux', os.arch: 'amd64', os.version: '6.6.87.2-microsoft-standard-WSL2', java.version: '17.0.15'
Driver info: driver.version: ChromeDriver
	at org.openqa.selenium.manager.SeleniumManager.runCommand(SeleniumManager.java:169)
	at org.openqa.selenium.manager.SeleniumManager.getBinaryPaths(SeleniumManager.java:244)
	at org.openqa.selenium.remote.service.DriverFinder.getBinaryPaths(DriverFinder.java:102)
	... 40 more

  Given user is on login page            # com.automation.stepdefinitions.LoginSteps.openLoginPage()
  Given user is on login page            # com.automation.stepdefinitions.LoginSteps.openLoginPage()
  Given user is on login page            # com.automation.stepdefinitions.LoginSteps.openLoginPage()
  When user enters username and password # com.automation.stepdefinitions.LoginSteps.enterCredentials()
  When user enters username and password # com.automation.stepdefinitions.LoginSteps.enterCredentials()
  When user enters username and password # com.automation.stepdefinitions.LoginSteps.enterCredentials()
  Then user should land on dashboard     # com.automation.stepdefinitions.LoginSteps.verifyDashboard()
  Then user should land on dashboard     # com.automation.stepdefinitions.LoginSteps.verifyDashboard()
  Then user should land on dashboard     # com.automation.stepdefinitions.LoginSteps.verifyDashboard()
]]></system-out>
    <system-err><![CDATA[SLF4J: Failed to load class "org.slf4j.impl.StaticLoggerBinder".
SLF4J: Defaulting to no-operation (NOP) logger implementation
SLF4J: See http://www.slf4j.org/codes.html#StaticLoggerBinder for further details.
Apr 15, 2026 7:19:20 PM org.openqa.selenium.manager.SeleniumManager lambda$runCommand$1
WARNING: error decoding response body
Apr 15, 2026 7:19:20 PM org.openqa.selenium.manager.SeleniumManager lambda$runCommand$1
WARNING: error decoding response body
Apr 15, 2026 7:19:20 PM org.openqa.selenium.manager.SeleniumManager lambda$runCommand$1
WARNING: error decoding response body
org.openqa.selenium.remote.NoSuchDriverException: Unable to obtain: chromedriver, error Command failed with code: 65, executed: [--browser, chrome, --language-binding, java, --output, json]
error decoding response body
Build info: version: '4.21.0', revision: '79ed462ef4'
System info: os.name: 'Linux', os.arch: 'amd64', os.version: '6.6.87.2-microsoft-standard-WSL2', java.version: '17.0.15'
Driver info: driver.version: ChromeDriver
	at org.openqa.selenium.remote.service.DriverFinder.getBinaryPaths(DriverFinder.java:121)
	at org.openqa.selenium.remote.service.DriverFinder.getDriverPath(DriverFinder.java:55)
	at org.openqa.selenium.chrome.ChromeDriver.generateExecutor(ChromeDriver.java:99)
	at org.openqa.selenium.chrome.ChromeDriver.<init>(ChromeDriver.java:88)
	at org.openqa.selenium.chrome.ChromeDriver.<init>(ChromeDriver.java:83)
	at org.openqa.selenium.chrome.ChromeDriver.<init>(ChromeDriver.java:51)
	at com.automation.core.DriverManager.initDriver(DriverManager.java:28)
	at com.automation.hooks.Hooks.setUp(Hooks.java:13)
	at java.base/jdk.internal.reflect.NativeMethodAccessorImpl.invoke0(Native Method)
	at java.base/jdk.internal.reflect.NativeMethodAccessorImpl.invoke(NativeMethodAccessorImpl.java:77)
	at java.base/jdk.internal.reflect.DelegatingMethodAccessorImpl.invoke(DelegatingMethodAccessorImpl.java:43)
	at java.base/java.lang.reflect.Method.invoke(Method.java:569)
	at io.cucumber.java.Invoker.doInvoke(Invoker.java:66)
	at io.cucumber.java.Invoker.invoke(Invoker.java:24)
	at io.cucumber.java.AbstractGlueDefinition.invokeMethod(AbstractGlueDefinition.java:47)
	at io.cucumber.java.JavaHookDefinition.execute(JavaHookDefinition.java:64)
	at io.cucumber.core.runner.CoreHookDefinition.execute(CoreHookDefinition.java:46)
	at io.cucumber.core.runner.HookDefinitionMatch.runStep(HookDefinitionMatch.java:21)
	at io.cucumber.core.runner.ExecutionMode$1.execute(ExecutionMode.java:10)
	at io.cucumber.core.runner.TestStep.executeStep(TestStep.java:84)
	at io.cucumber.core.runner.TestStep.run(TestStep.java:56)
	at io.cucumber.core.runner.TestCase.run(TestCase.java:78)
	at io.cucumber.core.runner.Runner.runPickle(Runner.java:75)
	at io.cucumber.testng.TestNGCucumberRunner.lambda$runScenario$1(TestNGCucumberRunner.java:132)
	at io.cucumber.core.runtime.CucumberExecutionContext.lambda$runTestCase$5(CucumberExecutionContext.java:137)
	at io.cucumber.core.runtime.RethrowingThrowableCollector.executeAndThrow(RethrowingThrowableCollector.java:23)
	at io.cucumber.core.runtime.CucumberExecutionContext.runTestCase(CucumberExecutionContext.java:137)
	at io.cucumber.testng.TestNGCucumberRunner.runScenario(TestNGCucumberRunner.java:129)
	at io.cucumber.testng.AbstractTestNGCucumberTests.runScenario(AbstractTestNGCucumberTests.java:35)
	at java.base/jdk.internal.reflect.NativeMethodAccessorImpl.invoke0(Native Method)
	at java.base/jdk.internal.reflect.NativeMethodAccessorImpl.invoke(NativeMethodAccessorImpl.java:77)
	at java.base/jdk.internal.reflect.DelegatingMethodAccessorImpl.invoke(DelegatingMethodAccessorImpl.java:43)
	at java.base/java.lang.reflect.Method.invoke(Method.java:569)
	at org.testng.internal.invokers.MethodInvocationHelper.invokeMethod(MethodInvocationHelper.java:139)
	at org.testng.internal.invokers.TestInvoker.invokeMethod(TestInvoker.java:664)
	at org.testng.internal.invokers.TestInvoker.invokeTestMethod(TestInvoker.java:228)
	at org.testng.internal.invokers.TestMethodWithDataProviderMethodWorker.call(TestMethodWithDataProviderMethodWorker.java:80)
	at java.base/java.util.concurrent.CompletableFuture$AsyncSupply.run(CompletableFuture.java:1768)
	at java.base/java.util.concurrent.ThreadPoolExecutor.runWorker(ThreadPoolExecutor.java:1136)
	at java.base/java.util.concurrent.ThreadPoolExecutor$Worker.run(ThreadPoolExecutor.java:635)
	at java.base/java.lang.Thread.run(Thread.java:840)
Caused by: org.openqa.selenium.WebDriverException: Command failed with code: 65, executed: [--browser, chrome, --language-binding, java, --output, json]
error decoding response body
Build info: version: '4.21.0', revision: '79ed462ef4'
System info: os.name: 'Linux', os.arch: 'amd64', os.version: '6.6.87.2-microsoft-standard-WSL2', java.version: '17.0.15'
Driver info: driver.version: ChromeDriver
	at org.openqa.selenium.manager.SeleniumManager.runCommand(SeleniumManager.java:169)
	at org.openqa.selenium.manager.SeleniumManager.getBinaryPaths(SeleniumManager.java:244)
	at org.openqa.selenium.remote.service.DriverFinder.getBinaryPaths(DriverFinder.java:102)
	... 40 more
org.openqa.selenium.remote.NoSuchDriverException: Unable to obtain: chromedriver, error Command failed with code: 65, executed: [--browser, chrome, --language-binding, java, --output, json]
error decoding response body
Build info: version: '4.21.0', revision: '79ed462ef4'
System info: os.name: 'Linux', os.arch: 'amd64', os.version: '6.6.87.2-microsoft-standard-WSL2', java.version: '17.0.15'
Driver info: driver.version: ChromeDriver
	at org.openqa.selenium.remote.service.DriverFinder.getBinaryPaths(DriverFinder.java:121)
	at org.openqa.selenium.remote.service.DriverFinder.getDriverPath(DriverFinder.java:55)
	at org.openqa.selenium.chrome.ChromeDriver.generateExecutor(ChromeDriver.java:99)
	at org.openqa.selenium.chrome.ChromeDriver.<init>(ChromeDriver.java:88)
	at org.openqa.selenium.chrome.ChromeDriver.<init>(ChromeDriver.java:83)
	at org.openqa.selenium.chrome.ChromeDriver.<init>(ChromeDriver.java:51)
	at com.automation.core.DriverManager.initDriver(DriverManager.java:28)
	at com.automation.hooks.Hooks.setUp(Hooks.java:13)
	at java.base/jdk.internal.reflect.NativeMethodAccessorImpl.invoke0(Native Method)
	at java.base/jdk.internal.reflect.NativeMethodAccessorImpl.invoke(NativeMethodAccessorImpl.java:77)
	at java.base/jdk.internal.reflect.DelegatingMethodAccessorImpl.invoke(DelegatingMethodAccessorImpl.java:43)
	at java.base/java.lang.reflect.Method.invoke(Method.java:569)
	at io.cucumber.java.Invoker.doInvoke(Invoker.java:66)
	at io.cucumber.java.Invoker.invoke(Invoker.java:24)
	at io.cucumber.java.AbstractGlueDefinition.invokeMethod(AbstractGlueDefinition.java:47)
	at io.cucumber.java.JavaHookDefinition.execute(JavaHookDefinition.java:64)
	at io.cucumber.core.runner.CoreHookDefinition.execute(CoreHookDefinition.java:46)
	at io.cucumber.core.runner.HookDefinitionMatch.runStep(HookDefinitionMatch.java:21)
	at io.cucumber.core.runner.ExecutionMode$1.execute(ExecutionMode.java:10)
	at io.cucumber.core.runner.TestStep.executeStep(TestStep.java:84)
	at io.cucumber.core.runner.TestStep.run(TestStep.java:56)
	at io.cucumber.core.runner.TestCase.run(TestCase.java:78)
	at io.cucumber.core.runner.Runner.runPickle(Runner.java:75)
	at io.cucumber.testng.TestNGCucumberRunner.lambda$runScenario$1(TestNGCucumberRunner.java:132)
	at io.cucumber.core.runtime.CucumberExecutionContext.lambda$runTestCase$5(CucumberExecutionContext.java:137)
	at io.cucumber.core.runtime.RethrowingThrowableCollector.executeAndThrow(RethrowingThrowableCollector.java:23)
	at io.cucumber.core.runtime.CucumberExecutionContext.runTestCase(CucumberExecutionContext.java:137)
	at io.cucumber.testng.TestNGCucumberRunner.runScenario(TestNGCucumberRunner.java:129)
	at io.cucumber.testng.AbstractTestNGCucumberTests.runScenario(AbstractTestNGCucumberTests.java:35)
	at java.base/jdk.internal.reflect.NativeMethodAccessorImpl.invoke0(Native Method)
	at java.base/jdk.internal.reflect.NativeMethodAccessorImpl.invoke(NativeMethodAccessorImpl.java:77)
	at java.base/jdk.internal.reflect.DelegatingMethodAccessorImpl.invoke(DelegatingMethodAccessorImpl.java:43)
	at java.base/java.lang.reflect.Method.invoke(Method.java:569)
	at org.testng.internal.invokers.MethodInvocationHelper.invokeMethod(MethodInvocationHelper.java:139)
	at org.testng.internal.invokers.TestInvoker.invokeMethod(TestInvoker.java:664)
	at org.testng.internal.invokers.TestInvoker.invokeTestMethod(TestInvoker.java:228)
	at org.testng.internal.invokers.TestMethodWithDataProviderMethodWorker.call(TestMethodWithDataProviderMethodWorker.java:80)
	at java.base/java.util.concurrent.CompletableFuture$AsyncSupply.run(CompletableFuture.java:1768)
	at java.base/java.util.concurrent.ThreadPoolExecutor.runWorker(ThreadPoolExecutor.java:1136)
	at java.base/java.util.concurrent.ThreadPoolExecutor$Worker.run(ThreadPoolExecutor.java:635)
	at java.base/java.lang.Thread.run(Thread.java:840)
Caused by: org.openqa.selenium.WebDriverException: Command failed with code: 65, executed: [--browser, chrome, --language-binding, java, --output, json]
error decoding response body
Build info: version: '4.21.0', revision: '79ed462ef4'
System info: os.name: 'Linux', os.arch: 'amd64', os.version: '6.6.87.2-microsoft-standard-WSL2', java.version: '17.0.15'
Driver info: driver.version: ChromeDriver
	at org.openqa.selenium.manager.SeleniumManager.runCommand(SeleniumManager.java:169)
	at org.openqa.selenium.manager.SeleniumManager.getBinaryPaths(SeleniumManager.java:244)
	at org.openqa.selenium.remote.service.DriverFinder.getBinaryPaths(DriverFinder.java:102)
	... 40 more
org.openqa.selenium.remote.NoSuchDriverException: Unable to obtain: chromedriver, error Command failed with code: 65, executed: [--browser, chrome, --language-binding, java, --output, json]
error decoding response body
Build info: version: '4.21.0', revision: '79ed462ef4'
System info: os.name: 'Linux', os.arch: 'amd64', os.version: '6.6.87.2-microsoft-standard-WSL2', java.version: '17.0.15'
Driver info: driver.version: ChromeDriver
	at org.openqa.selenium.remote.service.DriverFinder.getBinaryPaths(DriverFinder.java:121)
	at org.openqa.selenium.remote.service.DriverFinder.getDriverPath(DriverFinder.java:55)
	at org.openqa.selenium.chrome.ChromeDriver.generateExecutor(ChromeDriver.java:99)
	at org.openqa.selenium.chrome.ChromeDriver.<init>(ChromeDriver.java:88)
	at org.openqa.selenium.chrome.ChromeDriver.<init>(ChromeDriver.java:83)
	at org.openqa.selenium.chrome.ChromeDriver.<init>(ChromeDriver.java:51)
	at com.automation.core.DriverManager.initDriver(DriverManager.java:28)
	at com.automation.hooks.Hooks.setUp(Hooks.java:13)
	at java.base/jdk.internal.reflect.NativeMethodAccessorImpl.invoke0(Native Method)
	at java.base/jdk.internal.reflect.NativeMethodAccessorImpl.invoke(NativeMethodAccessorImpl.java:77)
	at java.base/jdk.internal.reflect.DelegatingMethodAccessorImpl.invoke(DelegatingMethodAccessorImpl.java:43)
	at java.base/java.lang.reflect.Method.invoke(Method.java:569)
	at io.cucumber.java.Invoker.doInvoke(Invoker.java:66)
	at io.cucumber.java.Invoker.invoke(Invoker.java:24)
	at io.cucumber.java.AbstractGlueDefinition.invokeMethod(AbstractGlueDefinition.java:47)
	at io.cucumber.java.JavaHookDefinition.execute(JavaHookDefinition.java:64)
	at io.cucumber.core.runner.CoreHookDefinition.execute(CoreHookDefinition.java:46)
	at io.cucumber.core.runner.HookDefinitionMatch.runStep(HookDefinitionMatch.java:21)
	at io.cucumber.core.runner.ExecutionMode$1.execute(ExecutionMode.java:10)
	at io.cucumber.core.runner.TestStep.executeStep(TestStep.java:84)
	at io.cucumber.core.runner.TestStep.run(TestStep.java:56)
	at io.cucumber.core.runner.TestCase.run(TestCase.java:78)
	at io.cucumber.core.runner.Runner.runPickle(Runner.java:75)
	at io.cucumber.testng.TestNGCucumberRunner.lambda$runScenario$1(TestNGCucumberRunner.java:132)
	at io.cucumber.core.runtime.CucumberExecutionContext.lambda$runTestCase$5(CucumberExecutionContext.java:137)
	at io.cucumber.core.runtime.RethrowingThrowableCollector.executeAndThrow(RethrowingThrowableCollector.java:23)
	at io.cucumber.core.runtime.CucumberExecutionContext.runTestCase(CucumberExecutionContext.java:137)
	at io.cucumber.testng.TestNGCucumberRunner.runScenario(TestNGCucumberRunner.java:129)
	at io.cucumber.testng.AbstractTestNGCucumberTests.runScenario(AbstractTestNGCucumberTests.java:35)
	at java.base/jdk.internal.reflect.NativeMethodAccessorImpl.invoke0(Native Method)
	at java.base/jdk.internal.reflect.NativeMethodAccessorImpl.invoke(NativeMethodAccessorImpl.java:77)
	at java.base/jdk.internal.reflect.DelegatingMethodAccessorImpl.invoke(DelegatingMethodAccessorImpl.java:43)
	at java.base/java.lang.reflect.Method.invoke(Method.java:569)
	at org.testng.internal.invokers.MethodInvocationHelper.invokeMethod(MethodInvocationHelper.java:139)
	at org.testng.internal.invokers.TestInvoker.invokeMethod(TestInvoker.java:664)
	at org.testng.internal.invokers.TestInvoker.invokeTestMethod(TestInvoker.java:228)
	at org.testng.internal.invokers.TestMethodWithDataProviderMethodWorker.call(TestMethodWithDataProviderMethodWorker.java:80)
	at java.base/java.util.concurrent.CompletableFuture$AsyncSupply.run(CompletableFuture.java:1768)
	at java.base/java.util.concurrent.ThreadPoolExecutor.runWorker(ThreadPoolExecutor.java:1136)
	at java.base/java.util.concurrent.ThreadPoolExecutor$Worker.run(ThreadPoolExecutor.java:635)
	at java.base/java.lang.Thread.run(Thread.java:840)
Caused by: org.openqa.selenium.WebDriverException: Command failed with code: 65, executed: [--browser, chrome, --language-binding, java, --output, json]
error decoding response body
Build info: version: '4.21.0', revision: '79ed462ef4'
System info: os.name: 'Linux', os.arch: 'amd64', os.version: '6.6.87.2-microsoft-standard-WSL2', java.version: '17.0.15'
Driver info: driver.version: ChromeDriver
	at org.openqa.selenium.manager.SeleniumManager.runCommand(SeleniumManager.java:169)
	at org.openqa.selenium.manager.SeleniumManager.getBinaryPaths(SeleniumManager.java:244)
	at org.openqa.selenium.remote.service.DriverFinder.getBinaryPaths(DriverFinder.java:102)
	... 40 more
]]></system-err>
  </testcase>
  <testcase name="runScenario[&quot;Successful login&quot;, &quot;Login functionality&quot;](3)" classname="com.automation.runners.TestRunner" time="330.646">
    <failure message="Failed to initialize WebDriver" type="java.lang.RuntimeException"><![CDATA[java.lang.RuntimeException: Failed to initialize WebDriver
	at com.automation.core.DriverManager.initDriver(DriverManager.java:33)
	at com.automation.hooks.Hooks.setUp(Hooks.java:13)
Caused by: org.openqa.selenium.remote.NoSuchDriverException: Unable to obtain: chromedriver, error Command failed with code: 65, executed: [--browser, chrome, --language-binding, java, --output, json]
error decoding response body
Build info: version: '4.21.0', revision: '79ed462ef4'
System info: os.name: 'Linux', os.arch: 'amd64', os.version: '6.6.87.2-microsoft-standard-WSL2', java.version: '17.0.15'
Driver info: driver.version: ChromeDriver
	at org.openqa.selenium.remote.service.DriverFinder.getBinaryPaths(DriverFinder.java:121)
	at org.openqa.selenium.remote.service.DriverFinder.getDriverPath(DriverFinder.java:55)
	at org.openqa.selenium.chrome.ChromeDriver.generateExecutor(ChromeDriver.java:99)
	at org.openqa.selenium.chrome.ChromeDriver.<init>(ChromeDriver.java:88)
	at org.openqa.selenium.chrome.ChromeDriver.<init>(ChromeDriver.java:83)
	at org.openqa.selenium.chrome.ChromeDriver.<init>(ChromeDriver.java:51)
	at com.automation.core.DriverManager.initDriver(DriverManager.java:28)
	at com.automation.hooks.Hooks.setUp(Hooks.java:13)
	at java.base/jdk.internal.reflect.NativeMethodAccessorImpl.invoke0(Native Method)
	at java.base/jdk.internal.reflect.NativeMethodAccessorImpl.invoke(NativeMethodAccessorImpl.java:77)
	at java.base/jdk.internal.reflect.DelegatingMethodAccessorImpl.invoke(DelegatingMethodAccessorImpl.java:43)
	at java.base/java.lang.reflect.Method.invoke(Method.java:569)
	at io.cucumber.java.Invoker.doInvoke(Invoker.java:66)
	at io.cucumber.java.Invoker.invoke(Invoker.java:24)
	at io.cucumber.java.AbstractGlueDefinition.invokeMethod(AbstractGlueDefinition.java:47)
	at io.cucumber.java.JavaHookDefinition.execute(JavaHookDefinition.java:64)
	at io.cucumber.core.runner.CoreHookDefinition.execute(CoreHookDefinition.java:46)
	at io.cucumber.core.runner.HookDefinitionMatch.runStep(HookDefinitionMatch.java:21)
	at io.cucumber.core.runner.ExecutionMode$1.execute(ExecutionMode.java:10)
	at io.cucumber.core.runner.TestStep.executeStep(TestStep.java:84)
	at io.cucumber.core.runner.TestStep.run(TestStep.java:56)
	at io.cucumber.core.runner.TestCase.run(TestCase.java:78)
	at io.cucumber.core.runner.Runner.runPickle(Runner.java:75)
	at io.cucumber.testng.TestNGCucumberRunner.lambda$runScenario$1(TestNGCucumberRunner.java:132)
	at io.cucumber.core.runtime.CucumberExecutionContext.lambda$runTestCase$5(CucumberExecutionContext.java:137)
	at io.cucumber.core.runtime.RethrowingThrowableCollector.executeAndThrow(RethrowingThrowableCollector.java:23)
	at io.cucumber.core.runtime.CucumberExecutionContext.runTestCase(CucumberExecutionContext.java:137)
	at io.cucumber.testng.TestNGCucumberRunner.runScenario(TestNGCucumberRunner.java:129)
	at io.cucumber.testng.AbstractTestNGCucumberTests.runScenario(AbstractTestNGCucumberTests.java:35)
	at java.base/jdk.internal.reflect.NativeMethodAccessorImpl.invoke0(Native Method)
	at java.base/jdk.internal.reflect.NativeMethodAccessorImpl.invoke(NativeMethodAccessorImpl.java:77)
	at java.base/jdk.internal.reflect.DelegatingMethodAccessorImpl.invoke(DelegatingMethodAccessorImpl.java:43)
	at java.base/java.lang.reflect.Method.invoke(Method.java:569)
	at org.testng.internal.invokers.MethodInvocationHelper.invokeMethod(MethodInvocationHelper.java:139)
	at org.testng.internal.invokers.TestInvoker.invokeMethod(TestInvoker.java:664)
	at org.testng.internal.invokers.TestInvoker.invokeTestMethod(TestInvoker.java:228)
	at org.testng.internal.invokers.TestMethodWithDataProviderMethodWorker.call(TestMethodWithDataProviderMethodWorker.java:80)
	at java.base/java.util.concurrent.CompletableFuture$AsyncSupply.run(CompletableFuture.java:1768)
	at java.base/java.util.concurrent.ThreadPoolExecutor.runWorker(ThreadPoolExecutor.java:1136)
	at java.base/java.util.concurrent.ThreadPoolExecutor$Worker.run(ThreadPoolExecutor.java:635)
	at java.base/java.lang.Thread.run(Thread.java:840)
Caused by: org.openqa.selenium.WebDriverException: Command failed with code: 65, executed: [--browser, chrome, --language-binding, java, --output, json]
error decoding response body
Build info: version: '4.21.0', revision: '79ed462ef4'
System info: os.name: 'Linux', os.arch: 'amd64', os.version: '6.6.87.2-microsoft-standard-WSL2', java.version: '17.0.15'
Driver info: driver.version: ChromeDriver
	at org.openqa.selenium.manager.SeleniumManager.runCommand(SeleniumManager.java:169)
	at org.openqa.selenium.manager.SeleniumManager.getBinaryPaths(SeleniumManager.java:244)
	at org.openqa.selenium.remote.service.DriverFinder.getBinaryPaths(DriverFinder.java:102)
	... 40 more
]]></failure>
  </testcase>
  <testcase name="runScenario[&quot;Successful login&quot;, &quot;Login functionality&quot;](3)" classname="com.automation.runners.TestRunner" time="330.646">
    <failure message="Failed to initialize WebDriver" type="java.lang.RuntimeException"><![CDATA[java.lang.RuntimeException: Failed to initialize WebDriver
	at com.automation.core.DriverManager.initDriver(DriverManager.java:33)
	at com.automation.hooks.Hooks.setUp(Hooks.java:13)
Caused by: org.openqa.selenium.remote.NoSuchDriverException: Unable to obtain: chromedriver, error Command failed with code: 65, executed: [--browser, chrome, --language-binding, java, --output, json]
error decoding response body
Build info: version: '4.21.0', revision: '79ed462ef4'
System info: os.name: 'Linux', os.arch: 'amd64', os.version: '6.6.87.2-microsoft-standard-WSL2', java.version: '17.0.15'
Driver info: driver.version: ChromeDriver
	at org.openqa.selenium.remote.service.DriverFinder.getBinaryPaths(DriverFinder.java:121)
	at org.openqa.selenium.remote.service.DriverFinder.getDriverPath(DriverFinder.java:55)
	at org.openqa.selenium.chrome.ChromeDriver.generateExecutor(ChromeDriver.java:99)
	at org.openqa.selenium.chrome.ChromeDriver.<init>(ChromeDriver.java:88)
	at org.openqa.selenium.chrome.ChromeDriver.<init>(ChromeDriver.java:83)
	at org.openqa.selenium.chrome.ChromeDriver.<init>(ChromeDriver.java:51)
	at com.automation.core.DriverManager.initDriver(DriverManager.java:28)
	at com.automation.hooks.Hooks.setUp(Hooks.java:13)
	at java.base/jdk.internal.reflect.NativeMethodAccessorImpl.invoke0(Native Method)
	at java.base/jdk.internal.reflect.NativeMethodAccessorImpl.invoke(NativeMethodAccessorImpl.java:77)
	at java.base/jdk.internal.reflect.DelegatingMethodAccessorImpl.invoke(DelegatingMethodAccessorImpl.java:43)
	at java.base/java.lang.reflect.Method.invoke(Method.java:569)
	at io.cucumber.java.Invoker.doInvoke(Invoker.java:66)
	at io.cucumber.java.Invoker.invoke(Invoker.java:24)
	at io.cucumber.java.AbstractGlueDefinition.invokeMethod(AbstractGlueDefinition.java:47)
	at io.cucumber.java.JavaHookDefinition.execute(JavaHookDefinition.java:64)
	at io.cucumber.core.runner.CoreHookDefinition.execute(CoreHookDefinition.java:46)
	at io.cucumber.core.runner.HookDefinitionMatch.runStep(HookDefinitionMatch.java:21)
	at io.cucumber.core.runner.ExecutionMode$1.execute(ExecutionMode.java:10)
	at io.cucumber.core.runner.TestStep.executeStep(TestStep.java:84)
	at io.cucumber.core.runner.TestStep.run(TestStep.java:56)
	at io.cucumber.core.runner.TestCase.run(TestCase.java:78)
	at io.cucumber.core.runner.Runner.runPickle(Runner.java:75)
	at io.cucumber.testng.TestNGCucumberRunner.lambda$runScenario$1(TestNGCucumberRunner.java:132)
	at io.cucumber.core.runtime.CucumberExecutionContext.lambda$runTestCase$5(CucumberExecutionContext.java:137)
	at io.cucumber.core.runtime.RethrowingThrowableCollector.executeAndThrow(RethrowingThrowableCollector.java:23)
	at io.cucumber.core.runtime.CucumberExecutionContext.runTestCase(CucumberExecutionContext.java:137)
	at io.cucumber.testng.TestNGCucumberRunner.runScenario(TestNGCucumberRunner.java:129)
	at io.cucumber.testng.AbstractTestNGCucumberTests.runScenario(AbstractTestNGCucumberTests.java:35)
	at java.base/jdk.internal.reflect.NativeMethodAccessorImpl.invoke0(Native Method)
	at java.base/jdk.internal.reflect.NativeMethodAccessorImpl.invoke(NativeMethodAccessorImpl.java:77)
	at java.base/jdk.internal.reflect.DelegatingMethodAccessorImpl.invoke(DelegatingMethodAccessorImpl.java:43)
	at java.base/java.lang.reflect.Method.invoke(Method.java:569)
	at org.testng.internal.invokers.MethodInvocationHelper.invokeMethod(MethodInvocationHelper.java:139)
	at org.testng.internal.invokers.TestInvoker.invokeMethod(TestInvoker.java:664)
	at org.testng.internal.invokers.TestInvoker.invokeTestMethod(TestInvoker.java:228)
	at org.testng.internal.invokers.TestMethodWithDataProviderMethodWorker.call(TestMethodWithDataProviderMethodWorker.java:80)
	at java.base/java.util.concurrent.CompletableFuture$AsyncSupply.run(CompletableFuture.java:1768)
	at java.base/java.util.concurrent.ThreadPoolExecutor.runWorker(ThreadPoolExecutor.java:1136)
	at java.base/java.util.concurrent.ThreadPoolExecutor$Worker.run(ThreadPoolExecutor.java:635)
	at java.base/java.lang.Thread.run(Thread.java:840)
Caused by: org.openqa.selenium.WebDriverException: Command failed with code: 65, executed: [--browser, chrome, --language-binding, java, --output, json]
error decoding response body
Build info: version: '4.21.0', revision: '79ed462ef4'
System info: os.name: 'Linux', os.arch: 'amd64', os.version: '6.6.87.2-microsoft-standard-WSL2', java.version: '17.0.15'
Driver info: driver.version: ChromeDriver
	at org.openqa.selenium.manager.SeleniumManager.runCommand(SeleniumManager.java:169)
	at org.openqa.selenium.manager.SeleniumManager.getBinaryPaths(SeleniumManager.java:244)
	at org.openqa.selenium.remote.service.DriverFinder.getBinaryPaths(DriverFinder.java:102)
	... 40 more
]]></failure>
  </testcase>
</testsuite>