<?xml version="1.0" encoding="UTF-8"?>
<!-- Generated by org.testng.reporters.JUnitReportReporter -->
<testsuite hostname="agasthiya" failures="0" tests="2" name="com.automation.runners.TestRunner" time="3.052" errors="0" timestamp="2026-04-15T00:42:49 IST" skipped="0">
  <testcase classname="com.automation.runners.TestRunner" name="runScenario" time="1.807"/>
  <testcase classname="com.automation.runners.TestRunner" name="runScenario" time="1.245"/>
</testsuite> <!-- com.automation.runners.TestRunner -->
