<?xml version="1.0" encoding="UTF-8"?>
<!-- Generated by org.testng.reporters.JUnitReportReporter -->
<testsuite hostname="agasthiya" failures="0" tests="3" name="com.automation.runners.TestRunner" time="163.596" errors="0" timestamp="2026-04-15T23:34:56 IST" skipped="0">
  <testcase classname="com.automation.runners.TestRunner" name="runScenario" time="54.532"/>
  <testcase classname="com.automation.runners.TestRunner" name="runScenario" time="54.532"/>
  <testcase classname="com.automation.runners.TestRunner" name="runScenario" time="54.532"/>
</testsuite> <!-- com.automation.runners.TestRunner -->
